knowntruth=Plinkkt.ote
Folder=OutputPlink
SNP=SNP
Score=P
kttype=OTE
filename=TestResults
verbose=
threhsold=0.01
seper=whitespace
kttypeseper=
beta=BETA
pvaladjust=
python ./winpy/winnow.py --Folder OutputPlink --Class Plinkkt.ote --Snp SNP --Score P --kttype OTE --filename TestResults --threshold 0.01 --beta BETA --seper whitespace
###################################################################
###                                                            ####
###      Winnow for Python!                                    ####
###      By Dustin A. Landers                                  ####
###      Contact: (770) 289-8830 -- dustin.landers@gmail.com   ####
###                                                            ####
###################################################################
